7aaa10
7aac01
7aaa11
7aab00
7aaa00
7aab01
7aac00
7aac10
7aab11
7aad01
7aad10
7aad00
7aac11
7aae00
7aad11
7aae01
7aae11
7aae10
7aaf00
7aaf01
7aaf10
7aaf11
7aag00
7aag01
7aag10
7aag11
7aah00
7aah01
7aah10
7aah11
7aai00
7aai01
7aai10
7aai11
7aaj00
7aaj01
7aaj10
7aaj11
7aak00
7aak01
7aak10
7aaa01
7aal00
7aal01
7aal10
7aal11
7aam00
7aam01
7aam10
7aam11
7aan00
7aan01
7aan10
7aan11
7aao00
7aao01
7aao10
7aao11
7aap00
7aap01
7aap10
7aap11
7aaq00
7aaq01
7aaq11
7aaq10
7aar00
7aar01
7aar10
7aar11
7aak11
7aas01
7aat01
7aat00
7aas10
7aas11
7aat10
7aat11
7aau00
7aau01
7aau10
7aau11
7aav00
7aav01
7aav10
7aav11
7aaw00
7aaw01
7aaw10
7aaw11
7aax00
7aax01
7aax10
7aax11
7aay00
7aay01
7aay10
7aay11
7aaz00
7aaz01
7aas00
7aaz11
7aba00
7aba01
7aba10
7aba11
7abb00
7abb01
7abb10
7abc01
7abb11
7abc00
7abc10
7abc11
7abd00
7abd01
7abd10
7abd11
7abe00
7abe01
7abe10
7abe11
7abf00
7abf01
7abf10
7abf11
7abg00
7aaz10
7abg10
7abg11
7abh00
7abh01
7abh10
7abh11
7abi00
7abi01
7abi10
7abi11
7abj00
7abj01
7abj10
7abj11
7abk00
7abk01
7abk10
7abl00
7abk11
7abl01
7abl10
7abl11
7abn00
7abm10
7abm00
7abm01
7abm11
7abn01
7abn10
7abn11
7abo00
7abo01
7abo10
7abg01
7abp00
7abp01
7abp10
7abp11
7abq00
7abq01
7abq11
7abr00
7abq10
7abr01
7abr10
7abr11
7abs00
7abs01
7abs10
7abs11
7abt00
7abt01
7abt11
7abt10
7abu00
7abu10
7abu11
7abv00
7abv01
7abv10
7abo11
7abw00
7abx00
7abw10
7abw11
7abw01
7abx01
7abx10
7abx11
7aby00
7aby01
7aby10
7aby11
7abz00
7abz01
7abz10
7abz11
7aca00
7aca01
7aca10
7aca11
7acb00
7acb01
7acb10
7acb11
7acc00
7acc01
7acc10
7acc11
7acd00
7acd01
7acd10
7acd11
7ace00
7abv11
7ace10
7ace11
7acf00
7acf01
7acf10
7acf11
7acg00
7acg01
7acg10
7acg11
7ach00
7ach01
7ach10
7ach11
7aci00
7aci01
7aci10
7aci11
7acj00
7acj01
7acj10
7acj11
7ack00
7ack01
7ack10
7ack11
7acl00
7acl10
7ace01
7acm00
7acm01
7acm10
7acm11
7acn00
7acn01
7acn10
7acn11
7aco00
7aco01
7aco10
7aco11
7acp00
7acp01
7acp10
7acp11
7acq00
7acq01
7acq11
7acq10
7acr00
7acr01
7acr10
7acr11
7acs00
7acs01
