12zf74
12ca48
12sa25
12sa79
12eb58
12eb98
12nb87
12pb59
12sb97
12bv25
12wb92
12bx37
12kc57
12ud74
12xd33
12eg39
12eg40
12te46
12rf74
12yf23
12yf43
12yf42
12yf44
12yf49
12yf47
12yf48
12yf45
12yf50
12yf46
12yf51
12xg95
12zg46
12xi75
12zg84
12js73
12tj37
12ku92
12uk26
12ca93
12rb28
12ci53
12ci54
12cu52
12cu53
12ep78
12ep79
12ki78
12iv32
12nn52
12nn53
12nn54
12nn55
12nn56
12nn57
12vr28
12vr29
12dc55
12em86
12gi66
12gi67
12sg85
12sg86
12sg87
12sg88
12hu95
12hu96
12hu97
12vi35
12vi36
12vi38
12vi37
12ix97
12ix98
12ix99
12xi01
12xi02
12km94
12km95
7ahw85
